<?xml version="1.0" encoding="UTF-8"?>
<testsuites name="History" time="54.847" tests="2" failures="1" errors="0">
   <testsuite name="History" tests="2" failures="1" errors="0" time="54.847" skipped="0" timestamp="28-09-2024T16:40:28" hostname="user - Zain" id="Test Suites/History">
      <properties>
         <property name="deviceName" value=""/>
         <property name="devicePlatform"/>
         <property name="logFolder" value="C:\\Users\\user\\Katalon Studio\\berijalan_bootcamp_batch_11\\Reports\\20240928_163837\\History\\20240928_163842"/>
         <property name="logFiles" value="C:\\Users\\user\\Katalon Studio\\berijalan_bootcamp_batch_11\\Reports\\20240928_163837\\History\\20240928_163842\\execution0.log"/>
         <property name="attachments" value="C:\\Users\\user\\Katalon Studio\\berijalan_bootcamp_batch_11\\Reports\\20240928_163837\\History\\20240928_163842\\1727516438022.png, C:\\Users\\user\\Katalon Studio\\berijalan_bootcamp_batch_11\\Reports\\20240928_163837\\History\\20240928_163842\\1727516442408.png, C:\\Users\\user\\Katalon Studio\\berijalan_bootcamp_batch_11\\Reports\\20240928_163837\\History\\20240928_163842\\1727516443865.png, C:\\Users\\user\\Katalon Studio\\berijalan_bootcamp_batch_11\\Reports\\20240928_163837\\History\\20240928_163842\\1727516455706.png, C:\\Users\\user\\Katalon Studio\\berijalan_bootcamp_batch_11\\Reports\\20240928_163837\\History\\20240928_163842\\1727516461492.png, C:\\Users\\user\\Katalon Studio\\berijalan_bootcamp_batch_11\\Reports\\20240928_163837\\History\\20240928_163842\\1727516470583.png, C:\\Users\\user\\Katalon Studio\\berijalan_bootcamp_batch_11\\Reports\\20240928_163837\\History\\20240928_163842\\1727516482510.png, C:\\Users\\user\\Katalon Studio\\berijalan_bootcamp_batch_11\\Reports\\20240928_163837\\History\\20240928_163842\\1727516482740.png"/>
         <property name="hostName" value="user - Zain"/>
         <property name="os" value="Windows 11 64bit"/>
         <property name="katalonVersion" value="9.5.0.217"/>
         <property name="browser" value="Chrome 129.0.0.0"/>
         <property name="hostAddress" value="192.168.9.16"/>
         <property name="sessionId" value="dcf73e7a13d4651763effbfdeed2531b"/>
         <property name="seleniumVersion" value="3.141.59"/>
         <property name="proxyInformation" value="ProxyInformation { proxyOption=NO_PROXY, proxyServerType=HTTP, username=, password=********, proxyServerAddress=, proxyServerPort=0, executionList=&quot;&quot;, isApplyToDesiredCapabilities=true }"/>
         <property name="platform" value="Windows 11"/>
      </properties>
      <testcase name="Test Cases/History/TC008_History_After_Booking" time="16.051" classname="Test Cases/History/TC008_History_After_Booking" status="PASSED">
         <system-out><![CDATA[28-09-2024T16:40:28 - [TEST_CASE][PASSED] - Test Cases/History/TC008_History_After_Booking: Test Cases/History/TC008_History_After_Booking

28-09-2024T16:40:28 - [TEST_STEP][PASSED] - callTestCase(findTestCase("Make_Appointment/TC006_Appointment_Success"), ["facility":"Seoul CURA Healthcare Center", "readmission":"yes", "program":"Medicaid", "visit_date":"28/09/24", "past_date":"01/01/22", ... ], STOP_ON_FAILURE): Call Test Case 'Test Cases/Make_Appointment/TC006_Appointment_Success' successfully

28-09-2024T16:40:28 - [TEST_CASE][PASSED] - Test Cases/Make_Appointment/TC006_Appointment_Success: Test Cases/Make_Appointment/TC006_Appointment_Success

28-09-2024T16:40:28 - [TEST_STEP][PASSED] - callTestCase(findTestCase("Login/TC001_Login_With_Valid_Credential"), [:], STOP_ON_FAILURE): Call Test Case 'Test Cases/Login/TC001_Login_With_Valid_Credential' successfully

28-09-2024T16:40:28 - [TEST_CASE][PASSED] - Test Cases/Login/TC001_Login_With_Valid_Credential: Test Cases/Login/TC001_Login_With_Valid_Credential

28-09-2024T16:40:28 - [TEST_STEP][PASSED] - openBrowser(""): Browser is opened with url: ''

28-09-2024T16:40:29 - [MESSAGE][INFO] - Starting 'Chrome' driver

28-09-2024T16:40:29 - [MESSAGE][INFO] - Action delay is set to 0 milliseconds

28-09-2024T16:40:30 - [MESSAGE][PASSED] - Browser is opened with url: ''

28-09-2024T16:40:30 - [TEST_STEP][PASSED] - setViewPortSize(1480, 1000): Viewport is set to new size with width = 1480 and height = 1000

28-09-2024T16:40:30 - [MESSAGE][PASSED] - Viewport is set to new size with width = 1480 and height = 1000

28-09-2024T16:40:30 - [TEST_STEP][PASSED] - navigateToUrl(baseUrl): Navigate to 'https://katalon-demo-cura.herokuapp.com/' successfully

28-09-2024T16:40:34 - [MESSAGE][PASSED] - Navigate to 'https://katalon-demo-cura.herokuapp.com/' successfully

28-09-2024T16:40:34 - [TEST_STEP][PASSED] - click(findTestObject("Object Repository/Objek_Login/a_Make Appointment")): Object: 'Object Repository/Objek_Login/a_Make Appointment' is clicked on

28-09-2024T16:40:35 - [MESSAGE][PASSED] - Object: 'Object Repository/Objek_Login/a_Make Appointment' is clicked on

28-09-2024T16:40:35 - [TEST_STEP][PASSED] - setText(findTestObject("Object Repository/Objek_Login/input_Username_username"), findTestData("Test Data Login").getValue(1, 1)): Text 'John Doe' is set on object 'Object Repository/Objek_Login/input_Username_username'

28-09-2024T16:40:36 - [MESSAGE][PASSED] - Text 'John Doe' is set on object 'Object Repository/Objek_Login/input_Username_username'

28-09-2024T16:40:36 - [TEST_STEP][PASSED] - setText(findTestObject("Object Repository/Objek_Login/input_Password_password"), findTestData("Test Data Login").getValue(2, 1)): Text 'ThisIsNotAPassword' is set on object 'Object Repository/Objek_Login/input_Password_password'

28-09-2024T16:40:36 - [MESSAGE][PASSED] - Text 'ThisIsNotAPassword' is set on object 'Object Repository/Objek_Login/input_Password_password'

28-09-2024T16:40:36 - [TEST_STEP][PASSED] - click(findTestObject("Object Repository/Objek_Login/button_Login")): Object: 'Object Repository/Objek_Login/button_Login' is clicked on

28-09-2024T16:40:37 - [MESSAGE][PASSED] - Object: 'Object Repository/Objek_Login/button_Login' is clicked on

28-09-2024T16:40:37 - [TEST_STEP][PASSED] - appointmentAppears = verifyElementPresent(findTestObject("Object Repository/Objek_Login/h2_Make Appointment"), 0): Object 'Object Repository/Objek_Login/h2_Make Appointment' is present

28-09-2024T16:40:37 - [MESSAGE][WARNING] - Timeout '0' is invalid. Using default page load timeout: '30'

28-09-2024T16:40:37 - [MESSAGE][PASSED] - Object 'Object Repository/Objek_Login/h2_Make Appointment' is present

28-09-2024T16:40:37 - [TEST_STEP][PASSED] - takeScreenshot(): Taking screenshot successfully

28-09-2024T16:40:38 - [MESSAGE][PASSED] - Taking screenshot successfully
[[ATTACHMENT|C:\\Users\\user\\Katalon Studio\\berijalan_bootcamp_batch_11\\Reports\\20240928_163837\\History\\20240928_163842\\1727516438022.png]]

28-09-2024T16:40:38 - [TEST_STEP][PASSED] - if (appointmentAppears): Login berhasil, melanjutkan ke proses appointment.

28-09-2024T16:40:38 - [TEST_STEP][PASSED] - comment("Login berhasil, melanjutkan ke proses appointment."): Login berhasil, melanjutkan ke proses appointment.

28-09-2024T16:40:38 - [MESSAGE][INFO] - Login berhasil, melanjutkan ke proses appointment.

28-09-2024T16:40:38 - [MESSAGE][PASSED] - Call Test Case 'Test Cases/Login/TC001_Login_With_Valid_Credential' successfully

28-09-2024T16:40:38 - [TEST_STEP][PASSED] - selectOptionByValue(findTestObject("Objek_Appointment/Page_CURA Healthcare Service/select_Facility"), facility, false): All options with value 'Seoul CURA Healthcare Center' are selected in object 'Object Repository/Objek_Appointment/Page_CURA Healthcare Service/select_Facility' 

28-09-2024T16:40:38 - [MESSAGE][PASSED] - All options with value 'Seoul CURA Healthcare Center' are selected in object 'Object Repository/Objek_Appointment/Page_CURA Healthcare Service/select_Facility' 

28-09-2024T16:40:38 - [TEST_STEP][PASSED] - if (readmission.equals("yes")): Object 'Object Repository/Objek_Appointment/Page_CURA Healthcare Service/label_Apply for hospital readmission' is checked

28-09-2024T16:40:38 - [TEST_STEP][PASSED] - check(findTestObject("Object Repository/Objek_Appointment/Page_CURA Healthcare Service/label_Apply for hospital readmission")): Object 'Object Repository/Objek_Appointment/Page_CURA Healthcare Service/label_Apply for hospital readmission' is checked

28-09-2024T16:40:39 - [MESSAGE][PASSED] - Object 'Object Repository/Objek_Appointment/Page_CURA Healthcare Service/label_Apply for hospital readmission' is checked

28-09-2024T16:40:39 - [TEST_STEP][PASSED] - if (program.equals("Medicaid")): Object 'Object Repository/Objek_Appointment/Page_CURA Healthcare Service/radio_program_medicaid' is checked

28-09-2024T16:40:39 - [TEST_STEP][PASSED] - check(findTestObject("Object Repository/Objek_Appointment/Page_CURA Healthcare Service/radio_program_medicaid")): Object 'Object Repository/Objek_Appointment/Page_CURA Healthcare Service/radio_program_medicaid' is checked

28-09-2024T16:40:39 - [MESSAGE][PASSED] - Object 'Object Repository/Objek_Appointment/Page_CURA Healthcare Service/radio_program_medicaid' is checked

28-09-2024T16:40:39 - [TEST_STEP][PASSED] - setText(findTestObject("Objek_Appointment/Page_CURA Healthcare Service/input_Visit Date (Required)_visit_date"), visit_date): Text '28/09/24' is set on object 'Object Repository/Objek_Appointment/Page_CURA Healthcare Service/input_Visit Date (Required)_visit_date'

28-09-2024T16:40:39 - [MESSAGE][PASSED] - Text '28/09/24' is set on object 'Object Repository/Objek_Appointment/Page_CURA Healthcare Service/input_Visit Date (Required)_visit_date'

28-09-2024T16:40:39 - [TEST_STEP][PASSED] - setText(findTestObject("Objek_Appointment/Page_CURA Healthcare Service/textarea_Comment_comment"), notes): Text 'sakit' is set on object 'Object Repository/Objek_Appointment/Page_CURA Healthcare Service/textarea_Comment_comment'

28-09-2024T16:40:40 - [MESSAGE][PASSED] - Text 'sakit' is set on object 'Object Repository/Objek_Appointment/Page_CURA Healthcare Service/textarea_Comment_comment'

28-09-2024T16:40:40 - [TEST_STEP][PASSED] - click(findTestObject("Object Repository/Objek_Appointment/Page_CURA Healthcare Service/button_Book Appointment")): Object: 'Object Repository/Objek_Appointment/Page_CURA Healthcare Service/button_Book Appointment' is clicked on

28-09-2024T16:40:41 - [MESSAGE][PASSED] - Object: 'Object Repository/Objek_Appointment/Page_CURA Healthcare Service/button_Book Appointment' is clicked on

28-09-2024T16:40:41 - [TEST_STEP][PASSED] - verifyElementPresent(findTestObject("Objek_Appointment/Page_CURA Healthcare Service/h2_Appointment Confirmation"), 10): Object 'Object Repository/Objek_Appointment/Page_CURA Healthcare Service/h2_Appointment Confirmation' is present

28-09-2024T16:40:42 - [MESSAGE][PASSED] - Object 'Object Repository/Objek_Appointment/Page_CURA Healthcare Service/h2_Appointment Confirmation' is present

28-09-2024T16:40:42 - [TEST_STEP][PASSED] - takeScreenshot(): Taking screenshot successfully

28-09-2024T16:40:42 - [MESSAGE][PASSED] - Taking screenshot successfully
[[ATTACHMENT|C:\\Users\\user\\Katalon Studio\\berijalan_bootcamp_batch_11\\Reports\\20240928_163837\\History\\20240928_163842\\1727516442408.png]]

28-09-2024T16:40:42 - [MESSAGE][PASSED] - Call Test Case 'Test Cases/Make_Appointment/TC006_Appointment_Success' successfully

28-09-2024T16:40:42 - [TEST_STEP][PASSED] - click(findTestObject("Object Repository/Page_CURA Healthcare Service/a_CURA Healthcare_menu-toggle")): Object: 'Object Repository/Page_CURA Healthcare Service/a_CURA Healthcare_menu-toggle' is clicked on

28-09-2024T16:40:42 - [MESSAGE][PASSED] - Object: 'Object Repository/Page_CURA Healthcare Service/a_CURA Healthcare_menu-toggle' is clicked on

28-09-2024T16:40:42 - [TEST_STEP][PASSED] - click(findTestObject("Object Repository/Page_CURA Healthcare Service/a_History")): Object: 'Object Repository/Page_CURA Healthcare Service/a_History' is clicked on

28-09-2024T16:40:43 - [MESSAGE][PASSED] - Object: 'Object Repository/Page_CURA Healthcare Service/a_History' is clicked on

28-09-2024T16:40:43 - [TEST_STEP][PASSED] - takeScreenshot(): Taking screenshot successfully

28-09-2024T16:40:44 - [MESSAGE][PASSED] - Taking screenshot successfully
[[ATTACHMENT|C:\\Users\\user\\Katalon Studio\\berijalan_bootcamp_batch_11\\Reports\\20240928_163837\\History\\20240928_163842\\1727516443865.png]]

28-09-2024T16:40:44 - [TEST_STEP][PASSED] - isAppointmentPresent = verifyElementPresent(findTestObject("Object Repository/Page_CURA Healthcare Service/p_Seoul CURA Healthcare Center"), 10): Object 'Object Repository/Page_CURA Healthcare Service/p_Seoul CURA Healthcare Center' is present

28-09-2024T16:40:44 - [MESSAGE][PASSED] - Object 'Object Repository/Page_CURA Healthcare Service/p_Seoul CURA Healthcare Center' is present

28-09-2024T16:40:44 - [TEST_STEP][PASSED] - if (isAppointmentPresent): Test Passed: Appoinment yang telah dibuat berhasil ditampilkan

28-09-2024T16:40:44 - [TEST_STEP][PASSED] - comment("Test Passed: Appoinment yang telah dibuat berhasil ditampilkan"): Test Passed: Appoinment yang telah dibuat berhasil ditampilkan

28-09-2024T16:40:44 - [MESSAGE][INFO] - Test Passed: Appoinment yang telah dibuat berhasil ditampilkan]]></system-out>
         <system-err><![CDATA[]]></system-err>
      </testcase>
      <testcase name="Test Cases/History/TC009_Check_History_After_Logout" time="38.663" classname="Test Cases/History/TC009_Check_History_After_Logout" status="FAILED">
         <failure type="FAILED" message="Test Cases/History/TC009_Check_History_After_Logout FAILED.&#xa;Reason:&#xa;com.kms.katalon.core.exception.StepFailedException: Unable to verify object 'Object Repository/Page_CURA Healthcare Service/p_Seoul CURA Healthcare Center' is present&#xa;	at com.kms.katalon.core.webui.keyword.internal.WebUIKeywordMain.stepFailed(WebUIKeywordMain.groovy:64)&#xa;	at com.kms.katalon.core.webui.keyword.internal.WebUIKeywordMain.runKeyword(WebUIKeywordMain.groovy:26)&#xa;	at com.kms.katalon.core.webui.keyword.builtin.VerifyElementPresentKeyword.verifyElementPresent(VerifyElementPresentKeyword.groovy:92)&#xa;	at com.kms.katalon.core.webui.keyword.builtin.VerifyElementPresentKeyword.execute(VerifyElementPresentKeyword.groovy:68)&#xa;	at com.kms.katalon.core.keyword.internal.KeywordExecutor.executeKeywordForPlatform(KeywordExecutor.groovy:74)&#xa;	at com.kms.katalon.core.webui.keyword.WebUiBuiltInKeywords.verifyElementPresent(WebUiBuiltInKeywords.groovy:1503)&#xa;	at TC009_Check_History_After_Logout.run(TC009_Check_History_After_Logout:34)&#xa;	at com.kms.katalon.core.main.ScriptEngine.run(ScriptEngine.java:194)&#xa;	at com.kms.katalon.core.main.ScriptEngine.runScriptAsRawText(ScriptEngine.java:119)&#xa;	at com.kms.katalon.core.main.TestCaseExecutor.runScript(TestCaseExecutor.java:448)&#xa;	at com.kms.katalon.core.main.TestCaseExecutor.doExecute(TestCaseExecutor.java:439)&#xa;	at com.kms.katalon.core.main.TestCaseExecutor.processExecutionPhase(TestCaseExecutor.java:418)&#xa;	at com.kms.katalon.core.main.TestCaseExecutor.accessMainPhase(TestCaseExecutor.java:410)&#xa;	at com.kms.katalon.core.main.TestCaseExecutor.execute(TestCaseExecutor.java:285)&#xa;	at com.kms.katalon.core.common.CommonExecutor.accessTestCaseMainPhase(CommonExecutor.java:65)&#xa;	at com.kms.katalon.core.main.TestSuiteExecutor.accessTestSuiteMainPhase(TestSuiteExecutor.java:150)&#xa;	at com.kms.katalon.core.main.TestSuiteExecutor.execute(TestSuiteExecutor.java:106)&#xa;	at com.kms.katalon.core.main.TestCaseMain.startTestSuite(TestCaseMain.java:180)&#xa;	at TempTestSuite1727516322329.run(TempTestSuite1727516322329.groovy:35)&#xa;	at java.base/jdk.internal.reflect.NativeMethodAccessorImpl.invoke0(Native Method)&#xa;	at java.base/jdk.internal.reflect.NativeMethodAccessorImpl.invoke(NativeMethodAccessorImpl.java:77)&#xa;	at java.base/jdk.internal.reflect.DelegatingMethodAccessorImpl.invoke(DelegatingMethodAccessorImpl.java:43)&#xa;Caused by: com.kms.katalon.core.exception.StepFailedException: com.kms.katalon.core.webui.exception.WebElementNotFoundException: Web element with id: 'Object Repository/Page_CURA Healthcare Service/p_Seoul CURA Healthcare Center' located by '//p[@id='facility']' not found&#xa;	at com.kms.katalon.core.webui.keyword.internal.WebUIKeywordMain.stepFailed(WebUIKeywordMain.groovy:64)&#xa;	at com.kms.katalon.core.webui.keyword.builtin.VerifyElementPresentKeyword$_verifyElementPresent_closure1.doCall(VerifyElementPresentKeyword.groovy:85)&#xa;	at com.kms.katalon.core.webui.keyword.builtin.VerifyElementPresentKeyword$_verifyElementPresent_closure1.call(VerifyElementPresentKeyword.groovy)&#xa;	at com.kms.katalon.core.webui.keyword.internal.WebUIKeywordMain.runKeyword(WebUIKeywordMain.groovy:20)&#xa;	... 20 more&#xa;"/>
         <system-out><![CDATA[28-09-2024T16:40:44 - [TEST_CASE][FAILED] - Test Cases/History/TC009_Check_History_After_Logout: Test Cases/History/TC009_Check_History_After_Logout FAILED.
Reason:
com.kms.katalon.core.exception.StepFailedException: Unable to verify object 'Object Repository/Page_CURA Healthcare Service/p_Seoul CURA Healthcare Center' is present
	at com.kms.katalon.core.webui.keyword.internal.WebUIKeywordMain.stepFailed(WebUIKeywordMain.groovy:64)
	at com.kms.katalon.core.webui.keyword.internal.WebUIKeywordMain.runKeyword(WebUIKeywordMain.groovy:26)
	at com.kms.katalon.core.webui.keyword.builtin.VerifyElementPresentKeyword.verifyElementPresent(VerifyElementPresentKeyword.groovy:92)
	at com.kms.katalon.core.webui.keyword.builtin.VerifyElementPresentKeyword.execute(VerifyElementPresentKeyword.groovy:68)
	at com.kms.katalon.core.keyword.internal.KeywordExecutor.executeKeywordForPlatform(KeywordExecutor.groovy:74)
	at com.kms.katalon.core.webui.keyword.WebUiBuiltInKeywords.verifyElementPresent(WebUiBuiltInKeywords.groovy:1503)
	at TC009_Check_History_After_Logout.run(TC009_Check_History_After_Logout:34)
	at com.kms.katalon.core.main.ScriptEngine.run(ScriptEngine.java:194)
	at com.kms.katalon.core.main.ScriptEngine.runScriptAsRawText(ScriptEngine.java:119)
	at com.kms.katalon.core.main.TestCaseExecutor.runScript(TestCaseExecutor.java:448)
	at com.kms.katalon.core.main.TestCaseExecutor.doExecute(TestCaseExecutor.java:439)
	at com.kms.katalon.core.main.TestCaseExecutor.processExecutionPhase(TestCaseExecutor.java:418)
	at com.kms.katalon.core.main.TestCaseExecutor.accessMainPhase(TestCaseExecutor.java:410)
	at com.kms.katalon.core.main.TestCaseExecutor.execute(TestCaseExecutor.java:285)
	at com.kms.katalon.core.common.CommonExecutor.accessTestCaseMainPhase(CommonExecutor.java:65)
	at com.kms.katalon.core.main.TestSuiteExecutor.accessTestSuiteMainPhase(TestSuiteExecutor.java:150)
	at com.kms.katalon.core.main.TestSuiteExecutor.execute(TestSuiteExecutor.java:106)
	at com.kms.katalon.core.main.TestCaseMain.startTestSuite(TestCaseMain.java:180)
	at TempTestSuite1727516322329.run(TempTestSuite1727516322329.groovy:35)
	at java.base/jdk.internal.reflect.NativeMethodAccessorImpl.invoke0(Native Method)
	at java.base/jdk.internal.reflect.NativeMethodAccessorImpl.invoke(NativeMethodAccessorImpl.java:77)
	at java.base/jdk.internal.reflect.DelegatingMethodAccessorImpl.invoke(DelegatingMethodAccessorImpl.java:43)
Caused by: com.kms.katalon.core.exception.StepFailedException: com.kms.katalon.core.webui.exception.WebElementNotFoundException: Web element with id: 'Object Repository/Page_CURA Healthcare Service/p_Seoul CURA Healthcare Center' located by '//p[@id='facility']' not found
	at com.kms.katalon.core.webui.keyword.internal.WebUIKeywordMain.stepFailed(WebUIKeywordMain.groovy:64)
	at com.kms.katalon.core.webui.keyword.builtin.VerifyElementPresentKeyword$_verifyElementPresent_closure1.doCall(VerifyElementPresentKeyword.groovy:85)
	at com.kms.katalon.core.webui.keyword.builtin.VerifyElementPresentKeyword$_verifyElementPresent_closure1.call(VerifyElementPresentKeyword.groovy)
	at com.kms.katalon.core.webui.keyword.internal.WebUIKeywordMain.runKeyword(WebUIKeywordMain.groovy:20)
	... 20 more


28-09-2024T16:40:44 - [TEST_STEP][PASSED] - callTestCase(findTestCase("Make_Appointment/TC006_Appointment_Success"), ["facility":"Seoul CURA Healthcare Center", "readmission":"yes", "program":"Medicaid", "visit_date":"28/09/24", "past_date":"01/01/22", ... ], STOP_ON_FAILURE): Call Test Case 'Test Cases/Make_Appointment/TC006_Appointment_Success' successfully

28-09-2024T16:40:44 - [TEST_CASE][PASSED] - Test Cases/Make_Appointment/TC006_Appointment_Success: Test Cases/Make_Appointment/TC006_Appointment_Success

28-09-2024T16:40:44 - [TEST_STEP][PASSED] - callTestCase(findTestCase("Login/TC001_Login_With_Valid_Credential"), [:], STOP_ON_FAILURE): Call Test Case 'Test Cases/Login/TC001_Login_With_Valid_Credential' successfully

28-09-2024T16:40:44 - [TEST_CASE][PASSED] - Test Cases/Login/TC001_Login_With_Valid_Credential: Test Cases/Login/TC001_Login_With_Valid_Credential

28-09-2024T16:40:44 - [TEST_STEP][PASSED] - openBrowser(""): Browser is opened with url: ''

28-09-2024T16:40:44 - [MESSAGE][WARNING] - A browser is already opened. Closing browser and opening a new one

28-09-2024T16:40:44 - [MESSAGE][INFO] - Starting 'Chrome' driver

28-09-2024T16:40:44 - [MESSAGE][INFO] - Action delay is set to 0 milliseconds

28-09-2024T16:40:45 - [MESSAGE][PASSED] - Browser is opened with url: ''

28-09-2024T16:40:45 - [TEST_STEP][PASSED] - setViewPortSize(1480, 1000): Viewport is set to new size with width = 1480 and height = 1000

28-09-2024T16:40:45 - [MESSAGE][PASSED] - Viewport is set to new size with width = 1480 and height = 1000

28-09-2024T16:40:45 - [TEST_STEP][PASSED] - navigateToUrl(baseUrl): Navigate to 'https://katalon-demo-cura.herokuapp.com/' successfully

28-09-2024T16:40:48 - [MESSAGE][PASSED] - Navigate to 'https://katalon-demo-cura.herokuapp.com/' successfully

28-09-2024T16:40:48 - [TEST_STEP][PASSED] - click(findTestObject("Object Repository/Objek_Login/a_Make Appointment")): Object: 'Object Repository/Objek_Login/a_Make Appointment' is clicked on

28-09-2024T16:40:49 - [MESSAGE][PASSED] - Object: 'Object Repository/Objek_Login/a_Make Appointment' is clicked on

28-09-2024T16:40:49 - [TEST_STEP][PASSED] - setText(findTestObject("Object Repository/Objek_Login/input_Username_username"), findTestData("Test Data Login").getValue(1, 1)): Text 'John Doe' is set on object 'Object Repository/Objek_Login/input_Username_username'

28-09-2024T16:40:50 - [MESSAGE][PASSED] - Text 'John Doe' is set on object 'Object Repository/Objek_Login/input_Username_username'

28-09-2024T16:40:50 - [TEST_STEP][PASSED] - setText(findTestObject("Object Repository/Objek_Login/input_Password_password"), findTestData("Test Data Login").getValue(2, 1)): Text 'ThisIsNotAPassword' is set on object 'Object Repository/Objek_Login/input_Password_password'

28-09-2024T16:40:51 - [MESSAGE][PASSED] - Text 'ThisIsNotAPassword' is set on object 'Object Repository/Objek_Login/input_Password_password'

28-09-2024T16:40:51 - [TEST_STEP][PASSED] - click(findTestObject("Object Repository/Objek_Login/button_Login")): Object: 'Object Repository/Objek_Login/button_Login' is clicked on

28-09-2024T16:40:52 - [MESSAGE][PASSED] - Object: 'Object Repository/Objek_Login/button_Login' is clicked on

28-09-2024T16:40:52 - [TEST_STEP][PASSED] - appointmentAppears = verifyElementPresent(findTestObject("Object Repository/Objek_Login/h2_Make Appointment"), 0): Object 'Object Repository/Objek_Login/h2_Make Appointment' is present

28-09-2024T16:40:52 - [MESSAGE][WARNING] - Timeout '0' is invalid. Using default page load timeout: '30'

28-09-2024T16:40:53 - [MESSAGE][PASSED] - Object 'Object Repository/Objek_Login/h2_Make Appointment' is present

28-09-2024T16:40:53 - [TEST_STEP][PASSED] - takeScreenshot(): Taking screenshot successfully

28-09-2024T16:40:56 - [MESSAGE][PASSED] - Taking screenshot successfully
[[ATTACHMENT|C:\\Users\\user\\Katalon Studio\\berijalan_bootcamp_batch_11\\Reports\\20240928_163837\\History\\20240928_163842\\1727516455706.png]]

28-09-2024T16:40:56 - [TEST_STEP][PASSED] - if (appointmentAppears): Login berhasil, melanjutkan ke proses appointment.

28-09-2024T16:40:56 - [TEST_STEP][PASSED] - comment("Login berhasil, melanjutkan ke proses appointment."): Login berhasil, melanjutkan ke proses appointment.

28-09-2024T16:40:56 - [MESSAGE][INFO] - Login berhasil, melanjutkan ke proses appointment.

28-09-2024T16:40:56 - [MESSAGE][PASSED] - Call Test Case 'Test Cases/Login/TC001_Login_With_Valid_Credential' successfully

28-09-2024T16:40:56 - [TEST_STEP][PASSED] - selectOptionByValue(findTestObject("Objek_Appointment/Page_CURA Healthcare Service/select_Facility"), facility, false): All options with value 'Seoul CURA Healthcare Center' are selected in object 'Object Repository/Objek_Appointment/Page_CURA Healthcare Service/select_Facility' 

28-09-2024T16:40:56 - [MESSAGE][PASSED] - All options with value 'Seoul CURA Healthcare Center' are selected in object 'Object Repository/Objek_Appointment/Page_CURA Healthcare Service/select_Facility' 

28-09-2024T16:40:56 - [TEST_STEP][PASSED] - if (readmission.equals("yes")): Object 'Object Repository/Objek_Appointment/Page_CURA Healthcare Service/label_Apply for hospital readmission' is checked

28-09-2024T16:40:56 - [TEST_STEP][PASSED] - check(findTestObject("Object Repository/Objek_Appointment/Page_CURA Healthcare Service/label_Apply for hospital readmission")): Object 'Object Repository/Objek_Appointment/Page_CURA Healthcare Service/label_Apply for hospital readmission' is checked

28-09-2024T16:40:56 - [MESSAGE][PASSED] - Object 'Object Repository/Objek_Appointment/Page_CURA Healthcare Service/label_Apply for hospital readmission' is checked

28-09-2024T16:40:56 - [TEST_STEP][PASSED] - if (program.equals("Medicaid")): Object 'Object Repository/Objek_Appointment/Page_CURA Healthcare Service/radio_program_medicaid' is checked

28-09-2024T16:40:56 - [TEST_STEP][PASSED] - check(findTestObject("Object Repository/Objek_Appointment/Page_CURA Healthcare Service/radio_program_medicaid")): Object 'Object Repository/Objek_Appointment/Page_CURA Healthcare Service/radio_program_medicaid' is checked

28-09-2024T16:40:57 - [MESSAGE][PASSED] - Object 'Object Repository/Objek_Appointment/Page_CURA Healthcare Service/radio_program_medicaid' is checked

28-09-2024T16:40:57 - [TEST_STEP][PASSED] - setText(findTestObject("Objek_Appointment/Page_CURA Healthcare Service/input_Visit Date (Required)_visit_date"), visit_date): Text '28/09/24' is set on object 'Object Repository/Objek_Appointment/Page_CURA Healthcare Service/input_Visit Date (Required)_visit_date'

28-09-2024T16:40:57 - [MESSAGE][PASSED] - Text '28/09/24' is set on object 'Object Repository/Objek_Appointment/Page_CURA Healthcare Service/input_Visit Date (Required)_visit_date'

28-09-2024T16:40:57 - [TEST_STEP][PASSED] - setText(findTestObject("Objek_Appointment/Page_CURA Healthcare Service/textarea_Comment_comment"), notes): Text 'sakit' is set on object 'Object Repository/Objek_Appointment/Page_CURA Healthcare Service/textarea_Comment_comment'

28-09-2024T16:40:58 - [MESSAGE][PASSED] - Text 'sakit' is set on object 'Object Repository/Objek_Appointment/Page_CURA Healthcare Service/textarea_Comment_comment'

28-09-2024T16:40:58 - [TEST_STEP][PASSED] - click(findTestObject("Object Repository/Objek_Appointment/Page_CURA Healthcare Service/button_Book Appointment")): Object: 'Object Repository/Objek_Appointment/Page_CURA Healthcare Service/button_Book Appointment' is clicked on

28-09-2024T16:40:59 - [MESSAGE][PASSED] - Object: 'Object Repository/Objek_Appointment/Page_CURA Healthcare Service/button_Book Appointment' is clicked on

28-09-2024T16:40:59 - [TEST_STEP][PASSED] - verifyElementPresent(findTestObject("Objek_Appointment/Page_CURA Healthcare Service/h2_Appointment Confirmation"), 10): Object 'Object Repository/Objek_Appointment/Page_CURA Healthcare Service/h2_Appointment Confirmation' is present

28-09-2024T16:41:01 - [MESSAGE][PASSED] - Object 'Object Repository/Objek_Appointment/Page_CURA Healthcare Service/h2_Appointment Confirmation' is present

28-09-2024T16:41:01 - [TEST_STEP][PASSED] - takeScreenshot(): Taking screenshot successfully

28-09-2024T16:41:01 - [MESSAGE][PASSED] - Taking screenshot successfully
[[ATTACHMENT|C:\\Users\\user\\Katalon Studio\\berijalan_bootcamp_batch_11\\Reports\\20240928_163837\\History\\20240928_163842\\1727516461492.png]]

28-09-2024T16:41:01 - [MESSAGE][PASSED] - Call Test Case 'Test Cases/Make_Appointment/TC006_Appointment_Success' successfully

28-09-2024T16:41:01 - [TEST_STEP][PASSED] - click(findTestObject("Object Repository/Page_CURA Healthcare Service/a_CURA Healthcare_menu-toggle")): Object: 'Object Repository/Page_CURA Healthcare Service/a_CURA Healthcare_menu-toggle' is clicked on

28-09-2024T16:41:01 - [MESSAGE][PASSED] - Object: 'Object Repository/Page_CURA Healthcare Service/a_CURA Healthcare_menu-toggle' is clicked on

28-09-2024T16:41:01 - [TEST_STEP][PASSED] - click(findTestObject("Page_CURA Healthcare Service/a_Logout")): Object: 'Object Repository/Page_CURA Healthcare Service/a_Logout' is clicked on

28-09-2024T16:41:02 - [MESSAGE][PASSED] - Object: 'Object Repository/Page_CURA Healthcare Service/a_Logout' is clicked on

28-09-2024T16:41:02 - [TEST_STEP][PASSED] - callTestCase(findTestCase("Login/TC001_Login_With_Valid_Credential"), [:], STOP_ON_FAILURE): Call Test Case 'Test Cases/Login/TC001_Login_With_Valid_Credential' successfully

28-09-2024T16:41:02 - [TEST_CASE][PASSED] - Test Cases/Login/TC001_Login_With_Valid_Credential: Test Cases/Login/TC001_Login_With_Valid_Credential

28-09-2024T16:41:02 - [TEST_STEP][PASSED] - openBrowser(""): Browser is opened with url: ''

28-09-2024T16:41:02 - [MESSAGE][WARNING] - A browser is already opened. Closing browser and opening a new one

28-09-2024T16:41:02 - [MESSAGE][INFO] - Starting 'Chrome' driver

28-09-2024T16:41:02 - [MESSAGE][INFO] - Action delay is set to 0 milliseconds

28-09-2024T16:41:03 - [MESSAGE][PASSED] - Browser is opened with url: ''

28-09-2024T16:41:03 - [TEST_STEP][PASSED] - setViewPortSize(1480, 1000): Viewport is set to new size with width = 1480 and height = 1000

28-09-2024T16:41:04 - [MESSAGE][PASSED] - Viewport is set to new size with width = 1480 and height = 1000

28-09-2024T16:41:04 - [TEST_STEP][PASSED] - navigateToUrl(baseUrl): Navigate to 'https://katalon-demo-cura.herokuapp.com/' successfully

28-09-2024T16:41:07 - [MESSAGE][PASSED] - Navigate to 'https://katalon-demo-cura.herokuapp.com/' successfully

28-09-2024T16:41:07 - [TEST_STEP][PASSED] - click(findTestObject("Object Repository/Objek_Login/a_Make Appointment")): Object: 'Object Repository/Objek_Login/a_Make Appointment' is clicked on

28-09-2024T16:41:07 - [MESSAGE][PASSED] - Object: 'Object Repository/Objek_Login/a_Make Appointment' is clicked on

28-09-2024T16:41:07 - [TEST_STEP][PASSED] - setText(findTestObject("Object Repository/Objek_Login/input_Username_username"), findTestData("Test Data Login").getValue(1, 1)): Text 'John Doe' is set on object 'Object Repository/Objek_Login/input_Username_username'

28-09-2024T16:41:08 - [MESSAGE][PASSED] - Text 'John Doe' is set on object 'Object Repository/Objek_Login/input_Username_username'

28-09-2024T16:41:08 - [TEST_STEP][PASSED] - setText(findTestObject("Object Repository/Objek_Login/input_Password_password"), findTestData("Test Data Login").getValue(2, 1)): Text 'ThisIsNotAPassword' is set on object 'Object Repository/Objek_Login/input_Password_password'

28-09-2024T16:41:09 - [MESSAGE][PASSED] - Text 'ThisIsNotAPassword' is set on object 'Object Repository/Objek_Login/input_Password_password'

28-09-2024T16:41:09 - [TEST_STEP][PASSED] - click(findTestObject("Object Repository/Objek_Login/button_Login")): Object: 'Object Repository/Objek_Login/button_Login' is clicked on

28-09-2024T16:41:09 - [MESSAGE][PASSED] - Object: 'Object Repository/Objek_Login/button_Login' is clicked on

28-09-2024T16:41:09 - [TEST_STEP][PASSED] - appointmentAppears = verifyElementPresent(findTestObject("Object Repository/Objek_Login/h2_Make Appointment"), 0): Object 'Object Repository/Objek_Login/h2_Make Appointment' is present

28-09-2024T16:41:09 - [MESSAGE][WARNING] - Timeout '0' is invalid. Using default page load timeout: '30'

28-09-2024T16:41:10 - [MESSAGE][PASSED] - Object 'Object Repository/Objek_Login/h2_Make Appointment' is present

28-09-2024T16:41:10 - [TEST_STEP][PASSED] - takeScreenshot(): Taking screenshot successfully

28-09-2024T16:41:10 - [MESSAGE][PASSED] - Taking screenshot successfully
[[ATTACHMENT|C:\\Users\\user\\Katalon Studio\\berijalan_bootcamp_batch_11\\Reports\\20240928_163837\\History\\20240928_163842\\1727516470583.png]]

28-09-2024T16:41:10 - [TEST_STEP][PASSED] - if (appointmentAppears): Login berhasil, melanjutkan ke proses appointment.

28-09-2024T16:41:10 - [TEST_STEP][PASSED] - comment("Login berhasil, melanjutkan ke proses appointment."): Login berhasil, melanjutkan ke proses appointment.

28-09-2024T16:41:10 - [MESSAGE][INFO] - Login berhasil, melanjutkan ke proses appointment.

28-09-2024T16:41:10 - [MESSAGE][PASSED] - Call Test Case 'Test Cases/Login/TC001_Login_With_Valid_Credential' successfully

28-09-2024T16:41:10 - [TEST_STEP][PASSED] - click(findTestObject("Object Repository/Page_CURA Healthcare Service/a_CURA Healthcare_menu-toggle")): Object: 'Object Repository/Page_CURA Healthcare Service/a_CURA Healthcare_menu-toggle' is clicked on

28-09-2024T16:41:10 - [MESSAGE][PASSED] - Object: 'Object Repository/Page_CURA Healthcare Service/a_CURA Healthcare_menu-toggle' is clicked on

28-09-2024T16:41:10 - [TEST_STEP][PASSED] - click(findTestObject("Object Repository/Page_CURA Healthcare Service/a_History")): Object: 'Object Repository/Page_CURA Healthcare Service/a_History' is clicked on

28-09-2024T16:41:11 - [MESSAGE][PASSED] - Object: 'Object Repository/Page_CURA Healthcare Service/a_History' is clicked on

28-09-2024T16:41:11 - [TEST_STEP][FAILED] - isAppointmentPresent = verifyElementPresent(findTestObject("Object Repository/Page_CURA Healthcare Service/p_Seoul CURA Healthcare Center"), 10): Unable to verify object 'Object Repository/Page_CURA Healthcare Service/p_Seoul CURA Healthcare Center' is present (Root cause: com.kms.katalon.core.exception.StepFailedException: Unable to verify object 'Object Repository/Page_CURA Healthcare Service/p_Seoul CURA Healthcare Center' is present
	at com.kms.katalon.core.webui.keyword.internal.WebUIKeywordMain.stepFailed(WebUIKeywordMain.groovy:64)
	at com.kms.katalon.core.webui.keyword.internal.WebUIKeywordMain.runKeyword(WebUIKeywordMain.groovy:26)
	at com.kms.katalon.core.webui.keyword.builtin.VerifyElementPresentKeyword.verifyElementPresent(VerifyElementPresentKeyword.groovy:92)
	at com.kms.katalon.core.webui.keyword.builtin.VerifyElementPresentKeyword.execute(VerifyElementPresentKeyword.groovy:68)
	at com.kms.katalon.core.keyword.internal.KeywordExecutor.executeKeywordForPlatform(KeywordExecutor.groovy:74)
	at com.kms.katalon.core.webui.keyword.WebUiBuiltInKeywords.verifyElementPresent(WebUiBuiltInKeywords.groovy:1503)
	at TC009_Check_History_After_Logout.run(TC009_Check_History_After_Logout:34)
	at com.kms.katalon.core.main.ScriptEngine.run(ScriptEngine.java:194)
	at com.kms.katalon.core.main.ScriptEngine.runScriptAsRawText(ScriptEngine.java:119)
	at com.kms.katalon.core.main.TestCaseExecutor.runScript(TestCaseExecutor.java:448)
	at com.kms.katalon.core.main.TestCaseExecutor.doExecute(TestCaseExecutor.java:439)
	at com.kms.katalon.core.main.TestCaseExecutor.processExecutionPhase(TestCaseExecutor.java:418)
	at com.kms.katalon.core.main.TestCaseExecutor.accessMainPhase(TestCaseExecutor.java:410)
	at com.kms.katalon.core.main.TestCaseExecutor.execute(TestCaseExecutor.java:285)
	at com.kms.katalon.core.common.CommonExecutor.accessTestCaseMainPhase(CommonExecutor.java:65)
	at com.kms.katalon.core.main.TestSuiteExecutor.accessTestSuiteMainPhase(TestSuiteExecutor.java:150)
	at com.kms.katalon.core.main.TestSuiteExecutor.execute(TestSuiteExecutor.java:106)
	at com.kms.katalon.core.main.TestCaseMain.startTestSuite(TestCaseMain.java:180)
	at TempTestSuite1727516322329.run(TempTestSuite1727516322329.groovy:35)
	at java.base/jdk.internal.reflect.NativeMethodAccessorImpl.invoke0(Native Method)
	at java.base/jdk.internal.reflect.NativeMethodAccessorImpl.invoke(NativeMethodAccessorImpl.java:77)
	at java.base/jdk.internal.reflect.DelegatingMethodAccessorImpl.invoke(DelegatingMethodAccessorImpl.java:43)
Caused by: com.kms.katalon.core.exception.StepFailedException: com.kms.katalon.core.webui.exception.WebElementNotFoundException: Web element with id: 'Object Repository/Page_CURA Healthcare Service/p_Seoul CURA Healthcare Center' located by '//p[@id='facility']' not found
	at com.kms.katalon.core.webui.keyword.internal.WebUIKeywordMain.stepFailed(WebUIKeywordMain.groovy:64)
	at com.kms.katalon.core.webui.keyword.builtin.VerifyElementPresentKeyword$_verifyElementPresent_closure1.doCall(VerifyElementPresentKeyword.groovy:85)
	at com.kms.katalon.core.webui.keyword.builtin.VerifyElementPresentKeyword$_verifyElementPresent_closure1.call(VerifyElementPresentKeyword.groovy)
	at com.kms.katalon.core.webui.keyword.internal.WebUIKeywordMain.runKeyword(WebUIKeywordMain.groovy:20)
	... 20 more
)

28-09-2024T16:41:22 - [MESSAGE][INFO] - Unable to find the element located by 'By.xpath: //p[@id='facility']'. Please recheck the objects properties to make sure the desired element is located. 

28-09-2024T16:41:22 - [MESSAGE][FAILED] - com.kms.katalon.core.webui.exception.WebElementNotFoundException: Web element with id: 'Object Repository/Page_CURA Healthcare Service/p_Seoul CURA Healthcare Center' located by '//p[@id='facility']' not found (Root cause: com.kms.katalon.core.exception.StepFailedException: com.kms.katalon.core.webui.exception.WebElementNotFoundException: Web element with id: 'Object Repository/Page_CURA Healthcare Service/p_Seoul CURA Healthcare Center' located by '//p[@id='facility']' not found
	at com.kms.katalon.core.webui.keyword.internal.WebUIKeywordMain.stepFailed(WebUIKeywordMain.groovy:64)
	at com.kms.katalon.core.webui.keyword.builtin.VerifyElementPresentKeyword$_verifyElementPresent_closure1.doCall(VerifyElementPresentKeyword.groovy:85)
	at com.kms.katalon.core.webui.keyword.builtin.VerifyElementPresentKeyword$_verifyElementPresent_closure1.call(VerifyElementPresentKeyword.groovy)
	at com.kms.katalon.core.webui.keyword.internal.WebUIKeywordMain.runKeyword(WebUIKeywordMain.groovy:20)
	at com.kms.katalon.core.webui.keyword.builtin.VerifyElementPresentKeyword.verifyElementPresent(VerifyElementPresentKeyword.groovy:92)
	at com.kms.katalon.core.webui.keyword.builtin.VerifyElementPresentKeyword.execute(VerifyElementPresentKeyword.groovy:68)
	at com.kms.katalon.core.keyword.internal.KeywordExecutor.executeKeywordForPlatform(KeywordExecutor.groovy:74)
	at com.kms.katalon.core.webui.keyword.WebUiBuiltInKeywords.verifyElementPresent(WebUiBuiltInKeywords.groovy:1503)
	at TC009_Check_History_After_Logout.run(TC009_Check_History_After_Logout:34)
	at com.kms.katalon.core.main.ScriptEngine.run(ScriptEngine.java:194)
	at com.kms.katalon.core.main.ScriptEngine.runScriptAsRawText(ScriptEngine.java:119)
	at com.kms.katalon.core.main.TestCaseExecutor.runScript(TestCaseExecutor.java:448)
	at com.kms.katalon.core.main.TestCaseExecutor.doExecute(TestCaseExecutor.java:439)
	at com.kms.katalon.core.main.TestCaseExecutor.processExecutionPhase(TestCaseExecutor.java:418)
	at com.kms.katalon.core.main.TestCaseExecutor.accessMainPhase(TestCaseExecutor.java:410)
	at com.kms.katalon.core.main.TestCaseExecutor.execute(TestCaseExecutor.java:285)
	at com.kms.katalon.core.common.CommonExecutor.accessTestCaseMainPhase(CommonExecutor.java:65)
	at com.kms.katalon.core.main.TestSuiteExecutor.accessTestSuiteMainPhase(TestSuiteExecutor.java:150)
	at com.kms.katalon.core.main.TestSuiteExecutor.execute(TestSuiteExecutor.java:106)
	at com.kms.katalon.core.main.TestCaseMain.startTestSuite(TestCaseMain.java:180)
	at TempTestSuite1727516322329.run(TempTestSuite1727516322329.groovy:35)
	at java.base/jdk.internal.reflect.NativeMethodAccessorImpl.invoke0(Native Method)
	at java.base/jdk.internal.reflect.NativeMethodAccessorImpl.invoke(NativeMethodAccessorImpl.java:77)
	at java.base/jdk.internal.reflect.DelegatingMethodAccessorImpl.invoke(DelegatingMethodAccessorImpl.java:43)
)
[[ATTACHMENT|C:\\Users\\user\\Katalon Studio\\berijalan_bootcamp_batch_11\\Reports\\20240928_163837\\History\\20240928_163842\\1727516482510.png]]

28-09-2024T16:41:22 - [MESSAGE][FAILED] - Unable to verify object 'Object Repository/Page_CURA Healthcare Service/p_Seoul CURA Healthcare Center' is present (Root cause: com.kms.katalon.core.exception.StepFailedException: Unable to verify object 'Object Repository/Page_CURA Healthcare Service/p_Seoul CURA Healthcare Center' is present
	at com.kms.katalon.core.webui.keyword.internal.WebUIKeywordMain.stepFailed(WebUIKeywordMain.groovy:64)
	at com.kms.katalon.core.webui.keyword.internal.WebUIKeywordMain.runKeyword(WebUIKeywordMain.groovy:26)
	at com.kms.katalon.core.webui.keyword.builtin.VerifyElementPresentKeyword.verifyElementPresent(VerifyElementPresentKeyword.groovy:92)
	at com.kms.katalon.core.webui.keyword.builtin.VerifyElementPresentKeyword.execute(VerifyElementPresentKeyword.groovy:68)
	at com.kms.katalon.core.keyword.internal.KeywordExecutor.executeKeywordForPlatform(KeywordExecutor.groovy:74)
	at com.kms.katalon.core.webui.keyword.WebUiBuiltInKeywords.verifyElementPresent(WebUiBuiltInKeywords.groovy:1503)
	at TC009_Check_History_After_Logout.run(TC009_Check_History_After_Logout:34)
	at com.kms.katalon.core.main.ScriptEngine.run(ScriptEngine.java:194)
	at com.kms.katalon.core.main.ScriptEngine.runScriptAsRawText(ScriptEngine.java:119)
	at com.kms.katalon.core.main.TestCaseExecutor.runScript(TestCaseExecutor.java:448)
	at com.kms.katalon.core.main.TestCaseExecutor.doExecute(TestCaseExecutor.java:439)
	at com.kms.katalon.core.main.TestCaseExecutor.processExecutionPhase(TestCaseExecutor.java:418)
	at com.kms.katalon.core.main.TestCaseExecutor.accessMainPhase(TestCaseExecutor.java:410)
	at com.kms.katalon.core.main.TestCaseExecutor.execute(TestCaseExecutor.java:285)
	at com.kms.katalon.core.common.CommonExecutor.accessTestCaseMainPhase(CommonExecutor.java:65)
	at com.kms.katalon.core.main.TestSuiteExecutor.accessTestSuiteMainPhase(TestSuiteExecutor.java:150)
	at com.kms.katalon.core.main.TestSuiteExecutor.execute(TestSuiteExecutor.java:106)
	at com.kms.katalon.core.main.TestCaseMain.startTestSuite(TestCaseMain.java:180)
	at TempTestSuite1727516322329.run(TempTestSuite1727516322329.groovy:35)
	at java.base/jdk.internal.reflect.NativeMethodAccessorImpl.invoke0(Native Method)
	at java.base/jdk.internal.reflect.NativeMethodAccessorImpl.invoke(NativeMethodAccessorImpl.java:77)
	at java.base/jdk.internal.reflect.DelegatingMethodAccessorImpl.invoke(DelegatingMethodAccessorImpl.java:43)
Caused by: com.kms.katalon.core.exception.StepFailedException: com.kms.katalon.core.webui.exception.WebElementNotFoundException: Web element with id: 'Object Repository/Page_CURA Healthcare Service/p_Seoul CURA Healthcare Center' located by '//p[@id='facility']' not found
	at com.kms.katalon.core.webui.keyword.internal.WebUIKeywordMain.stepFailed(WebUIKeywordMain.groovy:64)
	at com.kms.katalon.core.webui.keyword.builtin.VerifyElementPresentKeyword$_verifyElementPresent_closure1.doCall(VerifyElementPresentKeyword.groovy:85)
	at com.kms.katalon.core.webui.keyword.builtin.VerifyElementPresentKeyword$_verifyElementPresent_closure1.call(VerifyElementPresentKeyword.groovy)
	at com.kms.katalon.core.webui.keyword.internal.WebUIKeywordMain.runKeyword(WebUIKeywordMain.groovy:20)
	... 20 more
)
[[ATTACHMENT|C:\\Users\\user\\Katalon Studio\\berijalan_bootcamp_batch_11\\Reports\\20240928_163837\\History\\20240928_163842\\1727516482740.png]]]]></system-out>
         <system-err><![CDATA[28-09-2024T16:40:44 - [TEST_CASE][FAILED] - Test Cases/History/TC009_Check_History_After_Logout: Test Cases/History/TC009_Check_History_After_Logout FAILED.
Reason:
com.kms.katalon.core.exception.StepFailedException: Unable to verify object 'Object Repository/Page_CURA Healthcare Service/p_Seoul CURA Healthcare Center' is present
	at com.kms.katalon.core.webui.keyword.internal.WebUIKeywordMain.stepFailed(WebUIKeywordMain.groovy:64)
	at com.kms.katalon.core.webui.keyword.internal.WebUIKeywordMain.runKeyword(WebUIKeywordMain.groovy:26)
	at com.kms.katalon.core.webui.keyword.builtin.VerifyElementPresentKeyword.verifyElementPresent(VerifyElementPresentKeyword.groovy:92)
	at com.kms.katalon.core.webui.keyword.builtin.VerifyElementPresentKeyword.execute(VerifyElementPresentKeyword.groovy:68)
	at com.kms.katalon.core.keyword.internal.KeywordExecutor.executeKeywordForPlatform(KeywordExecutor.groovy:74)
	at com.kms.katalon.core.webui.keyword.WebUiBuiltInKeywords.verifyElementPresent(WebUiBuiltInKeywords.groovy:1503)
	at TC009_Check_History_After_Logout.run(TC009_Check_History_After_Logout:34)
	at com.kms.katalon.core.main.ScriptEngine.run(ScriptEngine.java:194)
	at com.kms.katalon.core.main.ScriptEngine.runScriptAsRawText(ScriptEngine.java:119)
	at com.kms.katalon.core.main.TestCaseExecutor.runScript(TestCaseExecutor.java:448)
	at com.kms.katalon.core.main.TestCaseExecutor.doExecute(TestCaseExecutor.java:439)
	at com.kms.katalon.core.main.TestCaseExecutor.processExecutionPhase(TestCaseExecutor.java:418)
	at com.kms.katalon.core.main.TestCaseExecutor.accessMainPhase(TestCaseExecutor.java:410)
	at com.kms.katalon.core.main.TestCaseExecutor.execute(TestCaseExecutor.java:285)
	at com.kms.katalon.core.common.CommonExecutor.accessTestCaseMainPhase(CommonExecutor.java:65)
	at com.kms.katalon.core.main.TestSuiteExecutor.accessTestSuiteMainPhase(TestSuiteExecutor.java:150)
	at com.kms.katalon.core.main.TestSuiteExecutor.execute(TestSuiteExecutor.java:106)
	at com.kms.katalon.core.main.TestCaseMain.startTestSuite(TestCaseMain.java:180)
	at TempTestSuite1727516322329.run(TempTestSuite1727516322329.groovy:35)
	at java.base/jdk.internal.reflect.NativeMethodAccessorImpl.invoke0(Native Method)
	at java.base/jdk.internal.reflect.NativeMethodAccessorImpl.invoke(NativeMethodAccessorImpl.java:77)
	at java.base/jdk.internal.reflect.DelegatingMethodAccessorImpl.invoke(DelegatingMethodAccessorImpl.java:43)
Caused by: com.kms.katalon.core.exception.StepFailedException: com.kms.katalon.core.webui.exception.WebElementNotFoundException: Web element with id: 'Object Repository/Page_CURA Healthcare Service/p_Seoul CURA Healthcare Center' located by '//p[@id='facility']' not found
	at com.kms.katalon.core.webui.keyword.internal.WebUIKeywordMain.stepFailed(WebUIKeywordMain.groovy:64)
	at com.kms.katalon.core.webui.keyword.builtin.VerifyElementPresentKeyword$_verifyElementPresent_closure1.doCall(VerifyElementPresentKeyword.groovy:85)
	at com.kms.katalon.core.webui.keyword.builtin.VerifyElementPresentKeyword$_verifyElementPresent_closure1.call(VerifyElementPresentKeyword.groovy)
	at com.kms.katalon.core.webui.keyword.internal.WebUIKeywordMain.runKeyword(WebUIKeywordMain.groovy:20)
	... 20 more]]></system-err>
      </testcase>
      <system-out><![CDATA[28-09-2024T16:40:28 - [TEST_SUITE][FAILED] - History: Test Cases/History/TC009_Check_History_After_Logout FAILED.
Reason:
com.kms.katalon.core.exception.StepFailedException: Unable to verify object 'Object Repository/Page_CURA Healthcare Service/p_Seoul CURA Healthcare Center' is present
	at com.kms.katalon.core.webui.keyword.internal.WebUIKeywordMain.stepFailed(WebUIKeywordMain.groovy:64)
	at com.kms.katalon.core.webui.keyword.internal.WebUIKeywordMain.runKeyword(WebUIKeywordMain.groovy:26)
	at com.kms.katalon.core.webui.keyword.builtin.VerifyElementPresentKeyword.verifyElementPresent(VerifyElementPresentKeyword.groovy:92)
	at com.kms.katalon.core.webui.keyword.builtin.VerifyElementPresentKeyword.execute(VerifyElementPresentKeyword.groovy:68)
	at com.kms.katalon.core.keyword.internal.KeywordExecutor.executeKeywordForPlatform(KeywordExecutor.groovy:74)
	at com.kms.katalon.core.webui.keyword.WebUiBuiltInKeywords.verifyElementPresent(WebUiBuiltInKeywords.groovy:1503)
	at TC009_Check_History_After_Logout.run(TC009_Check_History_After_Logout:34)
	at com.kms.katalon.core.main.ScriptEngine.run(ScriptEngine.java:194)
	at com.kms.katalon.core.main.ScriptEngine.runScriptAsRawText(ScriptEngine.java:119)
	at com.kms.katalon.core.main.TestCaseExecutor.runScript(TestCaseExecutor.java:448)
	at com.kms.katalon.core.main.TestCaseExecutor.doExecute(TestCaseExecutor.java:439)
	at com.kms.katalon.core.main.TestCaseExecutor.processExecutionPhase(TestCaseExecutor.java:418)
	at com.kms.katalon.core.main.TestCaseExecutor.accessMainPhase(TestCaseExecutor.java:410)
	at com.kms.katalon.core.main.TestCaseExecutor.execute(TestCaseExecutor.java:285)
	at com.kms.katalon.core.common.CommonExecutor.accessTestCaseMainPhase(CommonExecutor.java:65)
	at com.kms.katalon.core.main.TestSuiteExecutor.accessTestSuiteMainPhase(TestSuiteExecutor.java:150)
	at com.kms.katalon.core.main.TestSuiteExecutor.execute(TestSuiteExecutor.java:106)
	at com.kms.katalon.core.main.TestCaseMain.startTestSuite(TestCaseMain.java:180)
	at TempTestSuite1727516322329.run(TempTestSuite1727516322329.groovy:35)
	at java.base/jdk.internal.reflect.NativeMethodAccessorImpl.invoke0(Native Method)
	at java.base/jdk.internal.reflect.NativeMethodAccessorImpl.invoke(NativeMethodAccessorImpl.java:77)
	at java.base/jdk.internal.reflect.DelegatingMethodAccessorImpl.invoke(DelegatingMethodAccessorImpl.java:43)
Caused by: com.kms.katalon.core.exception.StepFailedException: com.kms.katalon.core.webui.exception.WebElementNotFoundException: Web element with id: 'Object Repository/Page_CURA Healthcare Service/p_Seoul CURA Healthcare Center' located by '//p[@id='facility']' not found
	at com.kms.katalon.core.webui.keyword.internal.WebUIKeywordMain.stepFailed(WebUIKeywordMain.groovy:64)
	at com.kms.katalon.core.webui.keyword.builtin.VerifyElementPresentKeyword$_verifyElementPresent_closure1.doCall(VerifyElementPresentKeyword.groovy:85)
	at com.kms.katalon.core.webui.keyword.builtin.VerifyElementPresentKeyword$_verifyElementPresent_closure1.call(VerifyElementPresentKeyword.groovy)
	at com.kms.katalon.core.webui.keyword.internal.WebUIKeywordMain.runKeyword(WebUIKeywordMain.groovy:20)
	... 20 more]]></system-out>
      <system-err><![CDATA[28-09-2024T16:40:28 - [TEST_SUITE][FAILED] - History: Test Cases/History/TC009_Check_History_After_Logout FAILED.
Reason:
com.kms.katalon.core.exception.StepFailedException: Unable to verify object 'Object Repository/Page_CURA Healthcare Service/p_Seoul CURA Healthcare Center' is present
	at com.kms.katalon.core.webui.keyword.internal.WebUIKeywordMain.stepFailed(WebUIKeywordMain.groovy:64)
	at com.kms.katalon.core.webui.keyword.internal.WebUIKeywordMain.runKeyword(WebUIKeywordMain.groovy:26)
	at com.kms.katalon.core.webui.keyword.builtin.VerifyElementPresentKeyword.verifyElementPresent(VerifyElementPresentKeyword.groovy:92)
	at com.kms.katalon.core.webui.keyword.builtin.VerifyElementPresentKeyword.execute(VerifyElementPresentKeyword.groovy:68)
	at com.kms.katalon.core.keyword.internal.KeywordExecutor.executeKeywordForPlatform(KeywordExecutor.groovy:74)
	at com.kms.katalon.core.webui.keyword.WebUiBuiltInKeywords.verifyElementPresent(WebUiBuiltInKeywords.groovy:1503)
	at TC009_Check_History_After_Logout.run(TC009_Check_History_After_Logout:34)
	at com.kms.katalon.core.main.ScriptEngine.run(ScriptEngine.java:194)
	at com.kms.katalon.core.main.ScriptEngine.runScriptAsRawText(ScriptEngine.java:119)
	at com.kms.katalon.core.main.TestCaseExecutor.runScript(TestCaseExecutor.java:448)
	at com.kms.katalon.core.main.TestCaseExecutor.doExecute(TestCaseExecutor.java:439)
	at com.kms.katalon.core.main.TestCaseExecutor.processExecutionPhase(TestCaseExecutor.java:418)
	at com.kms.katalon.core.main.TestCaseExecutor.accessMainPhase(TestCaseExecutor.java:410)
	at com.kms.katalon.core.main.TestCaseExecutor.execute(TestCaseExecutor.java:285)
	at com.kms.katalon.core.common.CommonExecutor.accessTestCaseMainPhase(CommonExecutor.java:65)
	at com.kms.katalon.core.main.TestSuiteExecutor.accessTestSuiteMainPhase(TestSuiteExecutor.java:150)
	at com.kms.katalon.core.main.TestSuiteExecutor.execute(TestSuiteExecutor.java:106)
	at com.kms.katalon.core.main.TestCaseMain.startTestSuite(TestCaseMain.java:180)
	at TempTestSuite1727516322329.run(TempTestSuite1727516322329.groovy:35)
	at java.base/jdk.internal.reflect.NativeMethodAccessorImpl.invoke0(Native Method)
	at java.base/jdk.internal.reflect.NativeMethodAccessorImpl.invoke(NativeMethodAccessorImpl.java:77)
	at java.base/jdk.internal.reflect.DelegatingMethodAccessorImpl.invoke(DelegatingMethodAccessorImpl.java:43)
Caused by: com.kms.katalon.core.exception.StepFailedException: com.kms.katalon.core.webui.exception.WebElementNotFoundException: Web element with id: 'Object Repository/Page_CURA Healthcare Service/p_Seoul CURA Healthcare Center' located by '//p[@id='facility']' not found
	at com.kms.katalon.core.webui.keyword.internal.WebUIKeywordMain.stepFailed(WebUIKeywordMain.groovy:64)
	at com.kms.katalon.core.webui.keyword.builtin.VerifyElementPresentKeyword$_verifyElementPresent_closure1.doCall(VerifyElementPresentKeyword.groovy:85)
	at com.kms.katalon.core.webui.keyword.builtin.VerifyElementPresentKeyword$_verifyElementPresent_closure1.call(VerifyElementPresentKeyword.groovy)
	at com.kms.katalon.core.webui.keyword.internal.WebUIKeywordMain.runKeyword(WebUIKeywordMain.groovy:20)
	... 20 more]]></system-err>
   </testsuite>
</testsuites>
